c:\users\mateusz\desktop\consoleapplication1\consoleapplication1\debug\vc142.pdb
c:\users\mateusz\desktop\consoleapplication1\consoleapplication1\debug\vc142.idb
c:\users\mateusz\desktop\consoleapplication1\consoleapplication1\debug\wirelessnetwork.obj
c:\users\mateusz\desktop\consoleapplication1\consoleapplication1\debug\transmittingantenna.obj
c:\users\mateusz\desktop\consoleapplication1\consoleapplication1\debug\receivingantenna.obj
c:\users\mateusz\desktop\consoleapplication1\consoleapplication1\debug\packet.obj
c:\users\mateusz\desktop\consoleapplication1\consoleapplication1\debug\logger.obj
c:\users\mateusz\desktop\consoleapplication1\consoleapplication1\debug\generatepacket.obj
c:\users\mateusz\desktop\consoleapplication1\consoleapplication1\debug\event.obj
c:\users\mateusz\desktop\consoleapplication1\consoleapplication1\debug\consoleapplication1.obj
c:\users\mateusz\desktop\consoleapplication1\debug\consoleapplication1.pdb
c:\users\mateusz\desktop\consoleapplication1\consoleapplication1\debug\consolea.f7355bd1.tlog\cl.command.1.tlog
c:\users\mateusz\desktop\consoleapplication1\consoleapplication1\debug\consolea.f7355bd1.tlog\cl.read.1.tlog
c:\users\mateusz\desktop\consoleapplication1\consoleapplication1\debug\consolea.f7355bd1.tlog\cl.write.1.tlog
c:\users\mateusz\desktop\consoleapplication1\consoleapplication1\debug\consolea.f7355bd1.tlog\link-cvtres.read.1.tlog
c:\users\mateusz\desktop\consoleapplication1\consoleapplication1\debug\consolea.f7355bd1.tlog\link-cvtres.write.1.tlog
c:\users\mateusz\desktop\consoleapplication1\consoleapplication1\debug\consolea.f7355bd1.tlog\link-rc.read.1.tlog
c:\users\mateusz\desktop\consoleapplication1\consoleapplication1\debug\consolea.f7355bd1.tlog\link-rc.write.1.tlog
c:\users\mateusz\desktop\consoleapplication1\consoleapplication1\debug\consolea.f7355bd1.tlog\link.command.1.tlog
c:\users\mateusz\desktop\consoleapplication1\consoleapplication1\debug\consolea.f7355bd1.tlog\link.read.1.tlog
c:\users\mateusz\desktop\consoleapplication1\consoleapplication1\debug\consolea.f7355bd1.tlog\link.write.1.tlog
